{"C:\\Users\\nomade\\Desktop\\PruebaBotNuevo\\base-ts-meta-memory\\src\\controller\\reclamoController.ts": {"path":"C:\\Users\\nomade\\Desktop\\PruebaBotNuevo\\base-ts-meta-memory\\src\\controller\\reclamoController.ts","statementMap":{"0":{"start":{"line":2,"column":0},"end":{"line":2,"column":62}},"1":{"start":{"line":3,"column":0},"end":{"line":3,"column":55}},"2":{"start":{"line":4,"column":18},"end":{"line":4,"column":44}},"3":{"start":{"line":5,"column":19},"end":{"line":5,"column":41}},"4":{"start":{"line":6,"column":17},"end":{"line":6,"column":42}},"5":{"start":{"line":7,"column":21},"end":{"line":36,"column":1}},"6":{"start":{"line":8,"column":4},"end":{"line":35,"column":5}},"7":{"start":{"line":10,"column":8},"end":{"line":17,"column":9}},"8":{"start":{"line":12,"column":32},"end":{"line":12,"column":76}},"9":{"start":{"line":13,"column":12},"end":{"line":16,"column":14}},"10":{"start":{"line":18,"column":29},"end":{"line":21,"column":10}},"11":{"start":{"line":22,"column":26},"end":{"line":22,"column":51}},"12":{"start":{"line":23,"column":8},"end":{"line":23,"column":60}},"13":{"start":{"line":24,"column":8},"end":{"line":24,"column":70}},"14":{"start":{"line":26,"column":8},"end":{"line":28,"column":9}},"15":{"start":{"line":27,"column":12},"end":{"line":27,"column":136}},"16":{"start":{"line":27,"column":68},"end":{"line":27,"column":134}},"17":{"start":{"line":29,"column":8},"end":{"line":29,"column":25}},"18":{"start":{"line":32,"column":8},"end":{"line":32,"column":59}},"19":{"start":{"line":33,"column":8},"end":{"line":33,"column":68}},"20":{"start":{"line":34,"column":8},"end":{"line":34,"column":20}},"21":{"start":{"line":37,"column":0},"end":{"line":37,"column":36}},"22":{"start":{"line":38,"column":23},"end":{"line":51,"column":1}},"23":{"start":{"line":39,"column":4},"end":{"line":50,"column":5}},"24":{"start":{"line":41,"column":24},"end":{"line":41,"column":63}},"25":{"start":{"line":44,"column":8},"end":{"line":44,"column":23}},"26":{"start":{"line":47,"column":8},"end":{"line":47,"column":61}},"27":{"start":{"line":48,"column":8},"end":{"line":48,"column":70}},"28":{"start":{"line":49,"column":8},"end":{"line":49,"column":20}},"29":{"start":{"line":52,"column":0},"end":{"line":52,"column":40}}},"fnMap":{"0":{"name":"(anonymous_0)","decl":{"start":{"line":7,"column":21},"end":{"line":7,"column":22}},"loc":{"start":{"line":7,"column":48},"end":{"line":36,"column":1}},"line":7},"1":{"name":"(anonymous_1)","decl":{"start":{"line":27,"column":61},"end":{"line":27,"column":62}},"loc":{"start":{"line":27,"column":68},"end":{"line":27,"column":134}},"line":27},"2":{"name":"(anonymous_2)","decl":{"start":{"line":38,"column":23},"end":{"line":38,"column":24}},"loc":{"start":{"line":38,"column":37},"end":{"line":51,"column":1}},"line":38}},"branchMap":{"0":{"loc":{"start":{"line":10,"column":8},"end":{"line":17,"column":9}},"type":"if","locations":[{"start":{"line":10,"column":8},"end":{"line":17,"column":9}},{"start":{},"end":{}}],"line":10},"1":{"loc":{"start":{"line":26,"column":8},"end":{"line":28,"column":9}},"type":"if","locations":[{"start":{"line":26,"column":8},"end":{"line":28,"column":9}},{"start":{},"end":{}}],"line":26}},"s":{"0":1,"1":1,"2":1,"3":1,"4":1,"5":1,"6":2,"7":2,"8":0,"9":0,"10":2,"11":2,"12":1,"13":1,"14":1,"15":0,"16":0,"17":1,"18":1,"19":1,"20":1,"21":1,"22":1,"23":0,"24":0,"25":0,"26":0,"27":0,"28":0,"29":1},"f":{"0":2,"1":0,"2":0},"b":{"0":[0,2],"1":[0,1]},"_coverageSchema":"1a1c01bbd47fc00a2c39e90264f33305004495a9","hash":"4d66d9fa24ba6c1bed5ccc136a2cb2ad880e0df4"}
,"C:\\Users\\nomade\\Desktop\\PruebaBotNuevo\\base-ts-meta-memory\\src\\model\\Reclamo.ts": {"path":"C:\\Users\\nomade\\Desktop\\PruebaBotNuevo\\base-ts-meta-memory\\src\\model\\Reclamo.ts","statementMap":{"0":{"start":{"line":2,"column":0},"end":{"line":2,"column":62}},"1":{"start":{"line":3,"column":19},"end":{"line":3,"column":38}},"2":{"start":{"line":4,"column":22},"end":{"line":25,"column":24}},"3":{"start":{"line":26,"column":21},"end":{"line":26,"column":71}},"4":{"start":{"line":27,"column":0},"end":{"line":27,"column":31}}},"fnMap":{},"branchMap":{},"s":{"0":1,"1":1,"2":1,"3":1,"4":1},"f":{},"b":{},"_coverageSchema":"1a1c01bbd47fc00a2c39e90264f33305004495a9","hash":"d87ae2ca2645d82bbdaa13012d523b665b3c4456"}
}
