TN:
SF:src\controller\reclamoController.ts
FN:7,(anonymous_0)
FN:27,(anonymous_1)
FN:38,(anonymous_2)
FNF:3
FNH:1
FNDA:2,(anonymous_0)
FNDA:0,(anonymous_1)
FNDA:0,(anonymous_2)
DA:2,1
DA:3,1
DA:4,1
DA:5,1
DA:6,1
DA:7,1
DA:8,2
DA:10,2
DA:12,0
DA:13,0
DA:18,2
DA:22,2
DA:23,1
DA:24,1
DA:26,1
DA:27,0
DA:29,1
DA:32,1
DA:33,1
DA:34,1
DA:37,1
DA:38,1
DA:39,0
DA:41,0
DA:44,0
DA:47,0
DA:48,0
DA:49,0
DA:52,1
LF:29
LH:20
BRDA:10,0,0,0
BRDA:10,0,1,2
BRDA:26,1,0,0
BRDA:26,1,1,1
BRF:4
BRH:2
end_of_record
TN:
SF:src\model\Reclamo.ts
FNF:0
FNH:0
DA:2,1
DA:3,1
DA:4,1
DA:26,1
DA:27,1
LF:5
LH:5
BRF:0
BRH:0
end_of_record
